<?xml version="1.0" encoding="UTF-8"?>
<!-- Generated by org.testng.reporters.JUnitXMLReporter -->
<testsuite hostname="Jay-PC" ignored="0" name="HRMTest" tests="7" failures="3" timestamp="2019-11-18T02:21:53 CST" time="128.056" errors="0">
  <testcase name="TC_001_Login_Test" time="7.794" classname="com.HRM.TestCases.TC_Login_Test_001"/>
  <testcase name="TC_002_Login_DDT" time="14.319" classname="com.HRM.TestCases.TC_Login_DDT_002"/>
  <testcase name="TC_002_Login_DDT" time="7.182" classname="com.HRM.TestCases.TC_Login_DDT_002">
    <failure type="java.lang.AssertionError" message="did not expect to find [true] but found [false]">
      <![CDATA[java.lang.AssertionError: did not expect to find [true] but found [false]
at com.HRM.TestCases.TC_Login_DDT_002.TC_002_Login_DDT(TC_Login_DDT_002.java:66)
at java.util.ArrayList.forEach(ArrayList.java:1257)
... Removed 35 stack frames]]>
    </failure>
  </testcase> <!-- TC_002_Login_DDT -->
  <testcase name="TC_002_Login_DDT" time="13.035" classname="com.HRM.TestCases.TC_Login_DDT_002"/>
  <testcase name="TC_002_Login_DDT" time="8.873" classname="com.HRM.TestCases.TC_Login_DDT_002"/>
  <testcase name="TC_002_Login_DDT" time="3.796" classname="com.HRM.TestCases.TC_Login_DDT_002">
    <failure type="java.lang.AssertionError" message="did not expect to find [true] but found [false]">
      <![CDATA[java.lang.AssertionError: did not expect to find [true] but found [false]
at com.HRM.TestCases.TC_Login_DDT_002.TC_002_Login_DDT(TC_Login_DDT_002.java:66)
at java.util.ArrayList.forEach(ArrayList.java:1257)
... Removed 35 stack frames]]>
    </failure>
  </testcase> <!-- TC_002_Login_DDT -->
  <testcase name="TC_003_AddNewEmployee" time="16.512" classname="com.HRM.TestCases.TC_Add_Employee_003">
    <failure type="java.lang.AssertionError" message="did not expect to find [true] but found [false]">
      <![CDATA[java.lang.AssertionError: did not expect to find [true] but found [false]
at com.HRM.TestCases.TC_Add_Employee_003.TC_003_AddNewEmployee(TC_Add_Employee_003.java:37)
at java.util.ArrayList.forEach(ArrayList.java:1257)
... Removed 35 stack frames]]>
    </failure>
  </testcase> <!-- TC_003_AddNewEmployee -->
</testsuite> <!-- HRMTest -->
